username: pytho, email: demo@demo.com, password: $5$rounds=535000$v6FTWGzba6/g7qNc$DiHNlYa7g0L20th6gs1Mm/bJ75HzEmScrJS7Te3u2oB
username: python, email: demo@demo.com, password: $5$rounds=535000$W1A8m2Zot/SkN3Wo$kvP6qdDBEmpELb7oX/j7FYe0sjm0xxDP2NoyfFhMVs0
username: python, email: demo@demo.com, password: $5$rounds=535000$JQl78.pMeXEFg8zc$dvlUU2BmGHJLZCPhhNEt5gwR3Ry8i6Ir/n6Fvguibg9
will excute
username: python, email: demo@demo.com, password: $5$rounds=535000$jTVd0Y0zaZdGKKWt$U7zEXTVVPO9Kwsj7iaa6CoDLIX4AgfPhJFeFS33iXH.
will excute
username: python, email: demo@demo.com, password: $5$rounds=535000$1FK3ZQieQ6YhDNRZ$DJ3fBVOftwjSm5mKyiEI3eSRud2SbKNqku2lVrBY1E5
will excute
excuted...
excuted...
excuted...
login connecting...
connected!
login connecting...
connected!
excuted...
excuted...
login connecting...
connected!
login connecting...
connected!
login connecting...
connected!
login connecting...
connected!
login connecting...
connected!
login connecting...
connected!
fetching...
login connecting...
connected!
lord
login connecting...
connected!
lord
login connecting...
connected!
login connecting...
connected!
lord
login connecting...
connected!
login connecting...
connected!
lord
login connecting...
connected!
login connecting...
connected!
lord
login connecting...
connected!
lord
1
fetched!
login connecting...
connected!
login connecting...
connected!
lord
login connecting...
connected!
login connecting...
connected!
lord
login connecting...
connected!
login connecting...
connected!
lord
1
fetched!
login connecting...
connected!
lord
1
fetched!
login connecting...
connected!
loo
0
lord
1
lord
1
lord
1
zhong
0
ldsfjl
ldsfjkl
0
ldsfjkl
wtf
lord
lord
lord
lord
lord
lord
lord
lord
lord
python
lord
lord
lord
lord
python
lord
lord
lord
lord
